<?xml version="1.0" encoding="UTF-8"?>
<robot generator="Robot 5.0.1 (Python 3.9.10 on win32)" generated="20220604 18:08:38.280" rpa="false" schemaversion="3">
<suite id="s1" name="BasicSearch" source="C:\Users\Hp\PycharmProjects\robotFramework\Tests\ebay\BasicSearch.robot">
<test id="s1-t1" name="Verify basic search functionality for eBay" line="9">
<kw name="Start TestCase">
<kw name="Open Browser" library="SeleniumLibrary">
<arg>https://www.ebay.com</arg>
<arg>chrome</arg>
<doc>Opens a new browser instance to the optional ``url``.</doc>
<msg timestamp="20220604 18:08:38.624" level="INFO">Opening browser 'chrome' to base url 'https://www.ebay.com'.</msg>
<status status="PASS" starttime="20220604 18:08:38.624" endtime="20220604 18:08:49.053"/>
</kw>
<kw name="Maximize Browser Window" library="SeleniumLibrary">
<doc>Maximizes current browser window.</doc>
<status status="PASS" starttime="20220604 18:08:49.053" endtime="20220604 18:08:49.173"/>
</kw>
<status status="PASS" starttime="20220604 18:08:38.624" endtime="20220604 18:08:49.173"/>
</kw>
<kw name="Verify Search Results">
<kw name="Input Text" library="SeleniumLibrary">
<arg>xpath://*[@id="gh-ac"]</arg>
<arg>mobile</arg>
<doc>Types the given ``text`` into the text field identified by ``locator``.</doc>
<msg timestamp="20220604 18:08:49.175" level="INFO">Typing text 'mobile' into text field 'xpath://*[@id="gh-ac"]'.</msg>
<status status="PASS" starttime="20220604 18:08:49.175" endtime="20220604 18:08:49.336"/>
</kw>
<kw name="Press Keys" library="SeleniumLibrary">
<arg>xpath://*[@id="gh-btn"]</arg>
<arg>RETURN</arg>
<doc>Simulates the user pressing key(s) to an element or on the active browser.</doc>
<msg timestamp="20220604 18:08:49.337" level="INFO">Sending key(s) ('RETURN',) to xpath://*[@id="gh-btn"] element.</msg>
<msg timestamp="20220604 18:08:55.066" level="INFO">Pressing special key RETURN to element.</msg>
<msg timestamp="20220604 18:08:55.066" level="INFO">Releasing special key RETURN.</msg>
<status status="PASS" starttime="20220604 18:08:49.337" endtime="20220604 18:08:55.073"/>
</kw>
<kw name="Press Keys" library="SeleniumLibrary">
<arg>name:this-is-name</arg>
<arg>RETURN</arg>
<doc>Simulates the user pressing key(s) to an element or on the active browser.</doc>
<msg timestamp="20220604 18:08:55.073" level="INFO">Sending key(s) ('RETURN',) to name:this-is-name element.</msg>
<msg timestamp="20220604 18:08:55.426" level="INFO" html="true">&lt;/td&gt;&lt;/tr&gt;&lt;tr&gt;&lt;td colspan="3"&gt;&lt;a href="selenium-screenshot-2.png"&gt;&lt;img src="selenium-screenshot-2.png" width="800px"&gt;&lt;/a&gt;</msg>
<msg timestamp="20220604 18:08:55.426" level="FAIL">Element with locator 'name:this-is-name' not found.</msg>
<status status="FAIL" starttime="20220604 18:08:55.073" endtime="20220604 18:08:55.426"/>
</kw>
<kw name="Press Keys" library="SeleniumLibrary">
<arg>css:#gh-btn</arg>
<arg>RETURN</arg>
<doc>Simulates the user pressing key(s) to an element or on the active browser.</doc>
<status status="NOT RUN" starttime="20220604 18:08:55.426" endtime="20220604 18:08:55.426"/>
</kw>
<kw name="Page Should Contain" library="SeleniumLibrary">
<arg>results for mobile</arg>
<doc>Verifies that current page contains ``text``.</doc>
<status status="NOT RUN" starttime="20220604 18:08:55.426" endtime="20220604 18:08:55.426"/>
</kw>
<status status="FAIL" starttime="20220604 18:08:49.174" endtime="20220604 18:08:55.426"/>
</kw>
<kw name="Finish TestCase">
<status status="NOT RUN" starttime="20220604 18:08:55.426" endtime="20220604 18:08:55.426"/>
</kw>
<doc>This test case verifies the basic search</doc>
<tag>Functional</tag>
<status status="FAIL" starttime="20220604 18:08:38.624" endtime="20220604 18:08:55.426">Element with locator 'name:this-is-name' not found.</status>
</test>
<doc>Basic Search Functionality</doc>
<status status="FAIL" starttime="20220604 18:08:38.296" endtime="20220604 18:08:55.426"/>
</suite>
<statistics>
<total>
<stat pass="0" fail="1" skip="0">All Tests</stat>
</total>
<tag>
<stat pass="0" fail="1" skip="0">Functional</stat>
</tag>
<suite>
<stat pass="0" fail="1" skip="0" id="s1" name="BasicSearch">BasicSearch</stat>
</suite>
</statistics>
<errors>
</errors>
</robot>
