<?xml version="1.0" encoding="UTF-8"?>
<robot generator="Robot 5.0.1 (Python 3.9.10 on win32)" generated="20220604 15:38:45.955" rpa="false" schemaversion="3">
<suite id="s1" name="BasicSearch" source="C:\Users\Hp\PycharmProjects\robotFramework\Tests\ebay\BasicSearch.robot">
<test id="s1-t1" name="Verify basic search functionality for eBay" line="9">
<kw name="Open Browser" library="SeleniumLibrary">
<arg>https://www.ebay.com</arg>
<arg>chrome</arg>
<doc>Opens a new browser instance to the optional ``url``.</doc>
<msg timestamp="20220604 15:38:46.296" level="INFO">Opening browser 'chrome' to base url 'https://www.ebay.com'.</msg>
<status status="PASS" starttime="20220604 15:38:46.296" endtime="20220604 15:38:53.672"/>
</kw>
<kw name="Input Text" library="SeleniumLibrary">
<arg>//*[@id="gh-ac"]</arg>
<arg>mobile</arg>
<doc>Types the given ``text`` into the text field identified by ``locator``.</doc>
<msg timestamp="20220604 15:38:53.673" level="INFO">Typing text 'mobile' into text field '//*[@id="gh-ac"]'.</msg>
<status status="PASS" starttime="20220604 15:38:53.672" endtime="20220604 15:38:53.820"/>
</kw>
<kw name="Press Keys" library="SeleniumLibrary">
<arg>//*[@id="gh-btn"]</arg>
<arg>[Return]</arg>
<doc>Simulates the user pressing key(s) to an element or on the active browser.</doc>
<msg timestamp="20220604 15:38:53.822" level="INFO">Sending key(s) ('[Return]',) to //*[@id="gh-btn"] element.</msg>
<msg timestamp="20220604 15:38:57.954" level="INFO">Sending keys [Return]</msg>
<status status="PASS" starttime="20220604 15:38:53.821" endtime="20220604 15:38:58.077"/>
</kw>
<kw name="Page Should Contain" library="SeleniumLibrary">
<arg>results for mobile</arg>
<doc>Verifies that current page contains ``text``.</doc>
<msg timestamp="20220604 15:38:58.174" level="INFO">Current page contains text 'results for mobile'.</msg>
<status status="PASS" starttime="20220604 15:38:58.078" endtime="20220604 15:38:58.174"/>
</kw>
<kw name="Close Browser" library="SeleniumLibrary">
<doc>Closes the current browser.</doc>
<status status="PASS" starttime="20220604 15:38:58.177" endtime="20220604 15:39:00.457"/>
</kw>
<doc>This test case verifies the basic search</doc>
<tag>Functional</tag>
<status status="PASS" starttime="20220604 15:38:46.295" endtime="20220604 15:39:00.458"/>
</test>
<doc>Basic Search Functionality</doc>
<status status="PASS" starttime="20220604 15:38:45.958" endtime="20220604 15:39:00.462"/>
</suite>
<statistics>
<total>
<stat pass="1" fail="0" skip="0">All Tests</stat>
</total>
<tag>
<stat pass="1" fail="0" skip="0">Functional</stat>
</tag>
<suite>
<stat pass="1" fail="0" skip="0" id="s1" name="BasicSearch">BasicSearch</stat>
</suite>
</statistics>
<errors>
</errors>
</robot>
